2020-06-06 09:22:11 Error System.InvalidOperationException: 集合已修改；可能无法执行枚举操作。
   在 System.ThrowHelper.ThrowInvalidOperationException(ExceptionResource resource)
   在 System.Collections.Generic.List`1.Enumerator.MoveNextRare()
   在 System.Collections.Generic.List`1.Enumerator.MoveNext()
   在 ViewWindow.Model.HWndCtrl.clearHObjectList() 位置 E:\code\detection\wheelDetection - 9.0\halconController\Model\HWndCtrl.cs:行号 1166
   在 ViewWindow.Model.HWndCtrl.addIconicVar(HObject img) 位置 E:\code\detection\wheelDetection - 9.0\halconController\Model\HWndCtrl.cs:行号 951
   在 ViewWindow.Model.HWndCtrl.addImageShow(HObject image) 位置 E:\code\detection\wheelDetection - 9.0\halconController\Model\HWndCtrl.cs:行号 1104
   在 ViewWindow.ViewWindow.displayImage(HObject img) 位置 E:\code\detection\wheelDetection - 9.0\halconController\ViewWindow.cs:行号 44
   在 ChoiceTech.Halcon.Control.HWindow_Final.set_Image(HImage value) 位置 E:\code\detection\wheelDetection - 9.0\halconController\HWindow_Final.cs:行号 254
   在 ChoiceTech.Halcon.Control.HWindow_Final.HobjectToHimage(HObject hobject) 位置 E:\code\detection\wheelDetection - 9.0\halconController\HWindow_Final.cs:行号 477
   在 wheelDetection.Form1.CameraThread() 位置 E:\code\detection\wheelDetection - 10.0\wheelDetection\Form1.cs:行号 719
   在 System.Threading.ThreadHelper.ThreadStart_Context(Object state)
   在 System.Threading.ExecutionContext.Run(ExecutionContext executionContext, ContextCallback callback, Object state)
   在 System.Threading.ThreadHelper.ThreadStart()
2020-06-06 15:13:01 Error System.ObjectDisposedException: 已关闭 Safe handle
   在 System.Threading.WaitHandle.WaitOneNative(SafeWaitHandle waitHandle, UInt32 millisecondsTimeout, Boolean hasThreadAffinity, Boolean exitContext)
   在 System.Threading.WaitHandle.WaitOne(Int64 timeout, Boolean exitContext)
   在 System.Threading.WaitHandle.WaitOne(Int32 millisecondsTimeout, Boolean exitContext)
   在 System.Threading.WaitHandle.WaitOne()
   在 wheelDetection.Form1.CameraThread() 位置 E:\code\detection\wheelDetection - 10.0\wheelDetection\Form1.cs:行号 707
   在 System.Threading.ThreadHelper.ThreadStart_Context(Object state)
   在 System.Threading.ExecutionContext.Run(ExecutionContext executionContext, ContextCallback callback, Object state)
   在 System.Threading.ThreadHelper.ThreadStart()
2020-06-06 17:23:29 Error System.InvalidOperationException: 集合已修改；可能无法执行枚举操作。
   在 System.ThrowHelper.ThrowInvalidOperationException(ExceptionResource resource)
   在 System.Collections.Generic.List`1.Enumerator.MoveNextRare()
   在 System.Collections.Generic.List`1.Enumerator.MoveNext()
   在 ViewWindow.Model.HWndCtrl.clearHObjectList() 位置 E:\code\detection\wheelDetection - 10.0\halconController\Model\HWndCtrl.cs:行号 1166
   在 ViewWindow.Model.HWndCtrl.addIconicVar(HObject img) 位置 E:\code\detection\wheelDetection - 10.0\halconController\Model\HWndCtrl.cs:行号 951
   在 ViewWindow.Model.HWndCtrl.addImageShow(HObject image) 位置 E:\code\detection\wheelDetection - 10.0\halconController\Model\HWndCtrl.cs:行号 1104
   在 ViewWindow.ViewWindow.displayImage(HObject img) 位置 E:\code\detection\wheelDetection - 10.0\halconController\ViewWindow.cs:行号 44
   在 ChoiceTech.Halcon.Control.HWindow_Final.set_Image(HImage value) 位置 E:\code\detection\wheelDetection - 10.0\halconController\HWindow_Final.cs:行号 254
   在 ChoiceTech.Halcon.Control.HWindow_Final.HobjectToHimage(HObject hobject) 位置 E:\code\detection\wheelDetection - 10.0\halconController\HWindow_Final.cs:行号 477
   在 wheelDetection.Form1.CameraThread() 位置 E:\code\detection\wheelDetection - 10.0\wheelDetection\Form1.cs:行号 721
   在 System.Threading.ThreadHelper.ThreadStart_Context(Object state)
   在 System.Threading.ExecutionContext.Run(ExecutionContext executionContext, ContextCallback callback, Object state)
   在 System.Threading.ThreadHelper.ThreadStart()
2020-06-06 19:24:01 Error System.IndexOutOfRangeException: 索引超出了数组界限。
   在 wheelDetection.frm_Com.InitializeCOMCombox() 位置 E:\code\detection\wheelDetection - 10.0\wheelDetection\frm_Com.cs:行号 214
   在 wheelDetection.frm_Com..ctor(Form1 mainform, ComData comData) 位置 E:\code\detection\wheelDetection - 10.0\wheelDetection\frm_Com.cs:行号 23
   在 wheelDetection.Form1.btn_ConfigureCom_Click(Object sender, EventArgs e) 位置 E:\code\detection\wheelDetection - 10.0\wheelDetection\Form1.cs:行号 1004
   在 System.Windows.Forms.Control.OnClick(EventArgs e)
   在 System.Windows.Forms.Button.OnClick(EventArgs e)
   在 System.Windows.Forms.Button.OnMouseUp(MouseEventArgs mevent)
   在 System.Windows.Forms.Control.WmMouseUp(Message& m, MouseButtons button, Int32 clicks)
   在 System.Windows.Forms.Control.WndProc(Message& m)
   在 System.Windows.Forms.ButtonBase.WndProc(Message& m)
   在 System.Windows.Forms.Button.WndProc(Message& m)
   在 System.Windows.Forms.Control.ControlNativeWindow.OnMessage(Message& m)
   在 System.Windows.Forms.Control.ControlNativeWindow.WndProc(Message& m)
   在 System.Windows.Forms.NativeWindow.Callback(IntPtr hWnd, Int32 msg, IntPtr wparam, IntPtr lparam)
